<?xml version="1.0" encoding="UTF-8"?>
<testsuite name="g1008.ModelTest.GridTest" tests="5" skipped="0" failures="0" errors="0" timestamp="2022-01-27T19:53:27" hostname="DESKTOP-JV0I9G3" time="0.017">
  <properties/>
  <testcase name="addPiece()" classname="g1008.ModelTest.GridTest" time="0.001"/>
  <testcase name="removeLines()" classname="g1008.ModelTest.GridTest" time="0.002"/>
  <testcase name="gets()" classname="g1008.ModelTest.GridTest" time="0.004"/>
  <testcase name="setmatrix()" classname="g1008.ModelTest.GridTest" time="0.003"/>
  <testcase name="isValid()" classname="g1008.ModelTest.GridTest" time="0.001"/>
  <system-out><![CDATA[]]></system-out>
  <system-err><![CDATA[]]></system-err>
</testsuite>
