<?xml version="1.0" encoding="UTF-8"?>
<testsuite name="g1008.ControllerTest.MenuTest" tests="7" skipped="0" failures="0" errors="0" timestamp="2022-01-27T19:53:26" hostname="DESKTOP-JV0I9G3" time="0.913">
  <properties/>
  <testcase name="checkForInputTestG()" classname="g1008.ControllerTest.MenuTest" time="0.171"/>
  <testcase name="checkForInputTestI()" classname="g1008.ControllerTest.MenuTest" time="0.004"/>
  <testcase name="checkForInputTestS()" classname="g1008.ControllerTest.MenuTest" time="0.004"/>
  <testcase name="printMenuTest()" classname="g1008.ControllerTest.MenuTest" time="0.651"/>
  <testcase name="getTetrisMatrixTest()" classname="g1008.ControllerTest.MenuTest" time="0.012"/>
  <testcase name="updateGameOverTest()" classname="g1008.ControllerTest.MenuTest" time="0.061"/>
  <testcase name="getMatrixFromColorsTest()" classname="g1008.ControllerTest.MenuTest" time="0.002"/>
  <system-out><![CDATA[]]></system-out>
  <system-err><![CDATA[]]></system-err>
</testsuite>
