<?xml version="1.0" encoding="UTF-8"?>
<testsuite name="g1008.ViewTest.PainterTest" tests="4" skipped="0" failures="0" errors="0" timestamp="2022-01-27T19:53:27" hostname="DESKTOP-JV0I9G3" time="0.022">
  <properties/>
  <testcase name="paintGridList()" classname="g1008.ViewTest.PainterTest" time="0.006"/>
  <testcase name="paintGrid()" classname="g1008.ViewTest.PainterTest" time="0.007"/>
  <testcase name="paintPiece()" classname="g1008.ViewTest.PainterTest" time="0.003"/>
  <testcase name="paintTextTest()" classname="g1008.ViewTest.PainterTest" time="0.003"/>
  <system-out><![CDATA[]]></system-out>
  <system-err><![CDATA[]]></system-err>
</testsuite>
